17:10:17.242 [main] INFO  testCases.TC001_AccountRegistrationTest - Confirm Password Done
17:10:17.441 [main] INFO  testCases.TC001_AccountRegistrationTest - Click on Check box
17:10:26.380 [main] INFO  testCases.TC001_AccountRegistrationTest - Click on continue button
17:10:26.380 [main] INFO  testCases.TC001_AccountRegistrationTest - Validating the message
17:10:26.442 [main] INFO  testCases.TC001_AccountRegistrationTest - *****Finished TC001_AccountRegistrationTest*****
17:10:29.744 [main] INFO  testCases.TC002_LoginTest - *****Start the TC002*****
17:13:13.595 [main] INFO  testCases.TC001_AccountRegistrationTest - ****Starting of the TC001_AccountRegistration*****
17:13:13.775 [main] INFO  testCases.TC001_AccountRegistrationTest - Clicked on the My Account
17:13:14.183 [main] INFO  testCases.TC001_AccountRegistrationTest - Clicked on the Registration Page
17:13:14.186 [main] INFO  testCases.TC001_AccountRegistrationTest - Providing Customer Details
17:13:14.343 [main] INFO  testCases.TC001_AccountRegistrationTest - First Name Done
17:13:14.464 [main] INFO  testCases.TC001_AccountRegistrationTest - Last Name Done
17:13:14.594 [main] INFO  testCases.TC001_AccountRegistrationTest - Email Id Done
17:13:14.699 [main] INFO  testCases.TC001_AccountRegistrationTest - Mobile NumberDone
17:13:14.850 [main] INFO  testCases.TC001_AccountRegistrationTest - Set Password Done
17:13:15.032 [main] INFO  testCases.TC001_AccountRegistrationTest - Confirm Password Done
17:13:15.230 [main] INFO  testCases.TC001_AccountRegistrationTest - Click on Check box
17:13:16.702 [main] INFO  testCases.TC001_AccountRegistrationTest - Click on continue button
17:13:16.703 [main] INFO  testCases.TC001_AccountRegistrationTest - Validating the message
17:13:16.807 [main] INFO  testCases.TC001_AccountRegistrationTest - *****Finished TC001_AccountRegistrationTest*****
17:13:19.007 [main] INFO  testCases.TC002_LoginTest - *****Start the TC002*****
17:13:21.319 [main] INFO  testCases.TC002_LoginTest - *****TC002_Finished*****
17:14:59.549 [main] INFO  testCases.TC001_AccountRegistrationTest - ****Starting of the TC001_AccountRegistration*****
17:14:59.804 [main] INFO  testCases.TC001_AccountRegistrationTest - Clicked on the My Account
17:15:00.212 [main] INFO  testCases.TC001_AccountRegistrationTest - Clicked on the Registration Page
17:15:00.215 [main] INFO  testCases.TC001_AccountRegistrationTest - Providing Customer Details
17:15:00.396 [main] INFO  testCases.TC001_AccountRegistrationTest - First Name Done
17:15:00.548 [main] INFO  testCases.TC001_AccountRegistrationTest - Last Name Done
17:15:00.725 [main] INFO  testCases.TC001_AccountRegistrationTest - Email Id Done
17:15:00.867 [main] INFO  testCases.TC001_AccountRegistrationTest - Mobile NumberDone
17:15:01.073 [main] INFO  testCases.TC001_AccountRegistrationTest - Set Password Done
17:15:01.235 [main] INFO  testCases.TC001_AccountRegistrationTest - Confirm Password Done
17:15:01.435 [main] INFO  testCases.TC001_AccountRegistrationTest - Click on Check box
17:15:04.776 [main] INFO  testCases.TC001_AccountRegistrationTest - Click on continue button
17:15:04.776 [main] INFO  testCases.TC001_AccountRegistrationTest - Validating the message
17:15:04.852 [main] INFO  testCases.TC001_AccountRegistrationTest - *****Finished TC001_AccountRegistrationTest*****
17:15:09.145 [main] INFO  testCases.TC002_LoginTest - *****Start the TC002*****
17:15:13.208 [main] INFO  testCases.TC002_LoginTest - *****TC002_Finished*****
17:16:58.964 [main] INFO  testCases.TC001_AccountRegistrationTest - ****Starting of the TC001_AccountRegistration*****
17:16:59.175 [main] INFO  testCases.TC001_AccountRegistrationTest - Clicked on the My Account
17:16:59.720 [main] INFO  testCases.TC001_AccountRegistrationTest - Clicked on the Registration Page
17:16:59.724 [main] INFO  testCases.TC001_AccountRegistrationTest - Providing Customer Details
17:16:59.981 [main] INFO  testCases.TC001_AccountRegistrationTest - First Name Done
17:17:00.124 [main] INFO  testCases.TC001_AccountRegistrationTest - Last Name Done
17:17:00.282 [main] INFO  testCases.TC001_AccountRegistrationTest - Email Id Done
17:17:00.401 [main] INFO  testCases.TC001_AccountRegistrationTest - Mobile NumberDone
17:17:00.621 [main] INFO  testCases.TC001_AccountRegistrationTest - Set Password Done
17:17:00.878 [main] INFO  testCases.TC001_AccountRegistrationTest - Confirm Password Done
17:17:01.133 [main] INFO  testCases.TC001_AccountRegistrationTest - Click on Check box
17:17:02.407 [main] INFO  testCases.TC001_AccountRegistrationTest - Click on continue button
17:17:02.407 [main] INFO  testCases.TC001_AccountRegistrationTest - Validating the message
17:17:02.496 [main] INFO  testCases.TC001_AccountRegistrationTest - *****Finished TC001_AccountRegistrationTest*****
17:17:05.600 [main] INFO  testCases.TC002_LoginTest - *****Start the TC002*****
17:17:08.005 [main] INFO  testCases.TC002_LoginTest - *****TC002_Finished*****
